<component name="ProjectRunConfigurationManager">
  <configuration default="false" name="junit" type="JUnit" factoryName="JUnit">
    <extension name="coverage" enabled="false" merge="false" sample_coverage="true" runner="idea" />
    <module name="managerWeb" />
    <option name="ALTERNATIVE_JRE_PATH_ENABLED" value="true" />
    <option name="ALTERNATIVE_JRE_PATH" value="1.7" />
    <option name="PACKAGE_NAME" value="com.niuchatao.pw.service" />
    <option name="MAIN_CLASS_NAME" value="com.niuchatao.pw.service.MenuViewServiceTest" />
    <option name="METHOD_NAME" value="testGetoneMenu" />
    <option name="TEST_OBJECT" value="class" />
    <option name="VM_PARAMETERS" value="-ea" />
    <option name="PARAMETERS" value="" />
    <option name="WORKING_DIRECTORY" value="file://$MODULE_DIR$" />
    <option name="ENV_VARIABLES" />
    <option name="PASS_PARENT_ENVS" value="true" />
    <option name="TEST_SEARCH_SCOPE">
      <value defaultName="singleModule" />
    </option>
    <envs />
    <fork_mode value="method" />
    <patterns />
    <method />
  </configuration>
</component>